<?xml version="1.0" encoding="UTF-8"?>
<!-- Generated by org.testng.reporters.JUnitReportReporter -->
<testsuite hostname="LAPTOP-50I9GGAN" failures="0" tests="1" name="OrangeHRMLive.ActionClasses.LoginAction" time="1.358" errors="0" timestamp="2024-03-18T01:47:12 IST" skipped="0">
  <testcase classname="OrangeHRMLive.ActionClasses.LoginAction" name="LoginTest" time="1.358"/>
  <system-out/>
</testsuite> <!-- OrangeHRMLive.ActionClasses.LoginAction -->
