<?xml version="1.0" encoding="UTF-8"?>
<!-- Generated by org.testng.reporters.JUnitReportReporter -->
<testsuite hostname="LAPTOP-50I9GGAN" failures="0" tests="1" name="OrangeHRMLive.DataProvider.OrangeHRM_Login" time="0.543" errors="0" timestamp="2024-03-31T13:55:31 IST" skipped="0">
  <testcase classname="OrangeHRMLive.DataProvider.OrangeHRM_Login" name="Login_DataProvider" time="0.543"/>
  <system-out/>
</testsuite> <!-- OrangeHRMLive.DataProvider.OrangeHRM_Login -->
