<?xml version="1.0" encoding="UTF-8"?>
<!-- Generated by org.testng.reporters.JUnitReportReporter -->
<testsuite hostname="LAPTOP-50I9GGAN" failures="0" tests="1" name="orangeHRMLive.BaseClass.OrangeHRM_BaseClass" time="17.488" errors="0" timestamp="2024-03-18T01:26:13 IST" skipped="0">
  <testcase classname="orangeHRMLive.BaseClass.OrangeHRM_BaseClass" name="setUp" time="17.488"/>
  <system-out/>
</testsuite> <!-- orangeHRMLive.BaseClass.OrangeHRM_BaseClass -->
